INFO:     Started server process [84108]
INFO:     Waiting for application startup.
Hardware acceleration modules not available
Error in publish method: unhashable type: 'dict'
INFO:     Application startup complete.
INFO:     Uvicorn running on http://0.0.0.0:8400 (Press CTRL+C to quit)
Error in publish method: unhashable type: 'dict'
Error in publish method: unhashable type: 'dict'
Error in publish method: unhashable type: 'dict'
Error in publish method: unhashable type: 'dict'
Error in publish method: unhashable type: 'dict'
Error in publish method: unhashable type: 'dict'
Error in publish method: unhashable type: 'dict'
Error in publish method: unhashable type: 'dict'
Error in publish method: unhashable type: 'dict'
Error in publish method: unhashable type: 'dict'
Error in publish method: unhashable type: 'dict'
Error in publish method: unhashable type: 'dict'
Error in publish method: unhashable type: 'dict'
Error in publish method: unhashable type: 'dict'
Error in publish method: unhashable type: 'dict'
Error in publish method: unhashable type: 'dict'
Error in publish method: unhashable type: 'dict'
Error in publish method: unhashable type: 'dict'
Error in publish method: unhashable type: 'dict'
Error in publish method: unhashable type: 'dict'
Error in publish method: unhashable type: 'dict'
Error in publish method: unhashable type: 'dict'
Error in publish method: unhashable type: 'dict'
Error in publish method: unhashable type: 'dict'
Error in publish method: unhashable type: 'dict'
Error in publish method: unhashable type: 'dict'
Error in publish method: unhashable type: 'dict'
Error in publish method: unhashable type: 'dict'
Error in publish method: unhashable type: 'dict'
Error in publish method: unhashable type: 'dict'
Error in publish method: unhashable type: 'dict'
Error in publish method: unhashable type: 'dict'
Error in publish method: unhashable type: 'dict'
Error in publish method: unhashable type: 'dict'
Error in publish method: unhashable type: 'dict'
Error in publish method: unhashable type: 'dict'
Error in publish method: unhashable type: 'dict'
Error in publish method: unhashable type: 'dict'
Error in publish method: unhashable type: 'dict'
Error in publish method: unhashable type: 'dict'
Error in publish method: unhashable type: 'dict'
Error in publish method: unhashable type: 'dict'
Error in publish method: unhashable type: 'dict'
Error in publish method: unhashable type: 'dict'
Error in publish method: unhashable type: 'dict'
Error in publish method: unhashable type: 'dict'
Error in publish method: unhashable type: 'dict'
INFO:     127.0.0.1:57588 - "GET /health HTTP/1.1" 200 OK
Error in publish method: unhashable type: 'dict'
Error in publish method: unhashable type: 'dict'
Error in publish method: unhashable type: 'dict'
Error in publish method: unhashable type: 'dict'
Error in publish method: unhashable type: 'dict'
Error in publish method: unhashable type: 'dict'
Error in publish method: unhashable type: 'dict'
Error in publish method: unhashable type: 'dict'
Error in publish method: unhashable type: 'dict'
Error in publish method: unhashable type: 'dict'
Error in publish method: unhashable type: 'dict'
Error in publish method: unhashable type: 'dict'
Error in publish method: unhashable type: 'dict'
Error in publish method: unhashable type: 'dict'
Error in publish method: unhashable type: 'dict'
Error in publish method: unhashable type: 'dict'
Error in publish method: unhashable type: 'dict'
INFO:     127.0.0.1:58128 - "GET /health HTTP/1.1" 200 OK
Error in publish method: unhashable type: 'dict'
Error in publish method: unhashable type: 'dict'
