INFO:     Started server process [76812]
INFO:     Waiting for application startup.
Error in publish method: unhashable type: 'dict'
INFO:     Application startup complete.
INFO:     Uvicorn running on http://0.0.0.0:8900 (Press CTRL+C to quit)
INFO:     127.0.0.1:55510 - "GET /health HTTP/1.1" 200 OK
INFO:     127.0.0.1:55545 - "GET /health HTTP/1.1" 200 OK
Error in publish method: unhashable type: 'dict'
Error in publish method: unhashable type: 'dict'
Error in publish method: unhashable type: 'dict'
Error in publish method: unhashable type: 'dict'
Error in publish method: unhashable type: 'dict'
Error in publish method: unhashable type: 'dict'
Error in publish method: unhashable type: 'dict'
Error in publish method: unhashable type: 'dict'
INFO:     127.0.0.1:55856 - "GET /health HTTP/1.1" 200 OK
Error in publish method: unhashable type: 'dict'
Error in publish method: unhashable type: 'dict'
Error in publish method: unhashable type: 'dict'
Error in publish method: unhashable type: 'dict'
Error in publish method: unhashable type: 'dict'
Error in publish method: unhashable type: 'dict'
Error in publish method: unhashable type: 'dict'
Error in publish method: unhashable type: 'dict'
Error in publish method: unhashable type: 'dict'
Error in publish method: unhashable type: 'dict'
Error in publish method: unhashable type: 'dict'
Error in publish method: unhashable type: 'dict'
Error in publish method: unhashable type: 'dict'
Error in publish method: unhashable type: 'dict'
Error in publish method: unhashable type: 'dict'
Error in publish method: unhashable type: 'dict'
Error in publish method: unhashable type: 'dict'
Error in publish method: unhashable type: 'dict'
Error in publish method: unhashable type: 'dict'
