INFO:     Started server process [77741]
INFO:     Waiting for application startup.
Error in publish method: unhashable type: 'dict'
INFO:     Application startup complete.
INFO:     Uvicorn running on http://0.0.0.0:8600 (Press CTRL+C to quit)
Error in publish method: unhashable type: 'dict'
Error in publish method: unhashable type: 'dict'
Error in publish method: unhashable type: 'dict'
Error in publish method: unhashable type: 'dict'
Error in publish method: unhashable type: 'dict'
Error in publish method: unhashable type: 'dict'
Error in publish method: unhashable type: 'dict'
Error in publish method: unhashable type: 'dict'
Error in publish method: unhashable type: 'dict'
Error in publish method: unhashable type: 'dict'
Error in publish method: unhashable type: 'dict'
Error in publish method: unhashable type: 'dict'
Error in publish method: unhashable type: 'dict'
Error in publish method: unhashable type: 'dict'
Error in publish method: unhashable type: 'dict'
Error in publish method: unhashable type: 'dict'
Error in publish method: unhashable type: 'dict'
Error in publish method: unhashable type: 'dict'
Error in publish method: unhashable type: 'dict'
Error in publish method: unhashable type: 'dict'
Error in publish method: unhashable type: 'dict'
Error in publish method: unhashable type: 'dict'
Error in publish method: unhashable type: 'dict'
